0 info it worked if it ends with ok
1 verbose cli [ '/usr/bin/node', '/usr/bin/npm', 'run', 'watch' ]
2 info using npm@3.5.2
3 info using node@v8.10.0
4 verbose run-script [ 'prewatch', 'watch', 'postwatch' ]
5 info lifecycle nasa-project@1.0.0~prewatch: nasa-project@1.0.0
6 silly lifecycle nasa-project@1.0.0~prewatch: no script for prewatch, continuing
7 info lifecycle nasa-project@1.0.0~watch: nasa-project@1.0.0
8 verbose lifecycle nasa-project@1.0.0~watch: unsafe-perm in lifecycle true
9 verbose lifecycle nasa-project@1.0.0~watch: PATH: /usr/share/npm/bin/node-gyp-bin:/mnt/d/Developement/udemy/nasa-project/node_modules/.bin:/usr/local/sbin:/usr/local/bin:/usr/sbin:/usr/bin:/sbin:/bin:/usr/games:/usr/local/games:/mnt/c/Python310/Scripts/:/mnt/c/Python310/:/mnt/c/Python39/Scripts/:/mnt/c/Python39/:/mnt/c/Program Files/Python37/Scripts/:/mnt/c/Program Files/Python37/:/mnt/c/Program Files/nodejs/versions/:/mnt/c/Program Files/nodejs/default:/mnt/c/Program Files/nodejs:/mnt/c/Program Files (x86)/Common Files/Intel/Shared Libraries/redist/intel64/compiler:/mnt/c/WINDOWS/system32:/mnt/c/WINDOWS:/mnt/c/WINDOWS/System32/Wbem:/mnt/c/WINDOWS/System32/WindowsPowerShell/v1.0/:/mnt/c/WINDOWS/System32/OpenSSH/:/mnt/c/Program Files (x86)/Intel/Intel(R) Management Engine Components/DAL:/mnt/c/Program Files/Intel/Intel(R) Management Engine Components/DAL:/mnt/c/Program Files (x86)/Intel/Intel(R) Management Engine Components/IPT:/mnt/c/Program Files/Intel/Intel(R) Management Engine Components/IPT:/mnt/c/Program Files/Intel/WiFi/bin/:/mnt/c/Program Files/Common Files/Intel/WirelessCommon/:/mnt/c/Program Files (x86)/Microsoft SQL Server/100/Tools/Binn/:/mnt/c/Program Files (x86)/Microsoft SQL Server/100/DTS/Binn/:/mnt/c/Program Files/Git/cmd:/mnt/c/Program Files/OpenVPN/bin:/mnt/c/Program Files/MySQL/MySQL Utilities 1.6/:/mnt/c/Program Files/dotnet/:/mnt/c/Program Files/Microsoft SQL Server/130/Tools/Binn/:/mnt/c/Program Files/Microsoft SQL Server/Client SDK/ODBC/170/Tools/Binn/:/mnt/d/Developement/apache-maven-3.6.2-bin/apache-maven-3.6.2/bin:/mnt/c/Users/thomas.M27/AppData/Roaming/npm:/mnt/c/Program Files/Microsoft SQL Server/110/Tools/Binn/:/mnt/c/Ruby25/bin:/mnt/c/Ruby26-x64/bin:/mnt/c/Program Files/MySQL/MySQL Shell 8.0/bin/:/mnt/c/Users/thomas.M27/AppData/Local/Yarn/bin:/mnt/c/Users/thomas.M27/AppData/Local/Microsoft/WindowsApps:/mnt/c/Program Files (x86)/Yarn/bin/:/mnt/c/Program Files (x86)/PDFtk/bin:/mnt/c/Program Files/Amazon/AWSCLIV2/:/mnt/c/Program Files (x86)/Bitvise SSH Client:/mnt/c/Program Files/Amazon/AWSSAMCLI/bin/:/mnt/c/ProgramData/chocolatey/bin:/mnt/c/Users/thomas.M27/.jdks/adopt-openj9-11.0.11/bin:/mnt/c/Program Files/Docker/Docker/resources/bin:/mnt/c/ProgramData/DockerDesktop/version-bin:/mnt/c/Program Files/nodejs/:/mnt/c/Users/thomas.M27/scoop/shims:/mnt/c/Users/thomas.M27/.dotnet/tools:/mnt/c/Users/thomas.M27/.ebcli-virtual-env/executables:/mnt/d/tools/zip-tool/UnxUtils/usr/local/wbin:/mnt/c/Users/thomas.M27/AppData/Local/Programs/Microsoft VS Code/bin:/mnt/c/Program Files/Microsoft Office/root/Client:/mnt/d/Developement/udemy/nasa-project/node_modules/.bin:/snap/bin
10 verbose lifecycle nasa-project@1.0.0~watch: CWD: /mnt/d/Developement/udemy/nasa-project
11 silly lifecycle nasa-project@1.0.0~watch: Args: [ '-c', 'npm run server & npm run client' ]
12 silly lifecycle nasa-project@1.0.0~watch: Returned: code: 1  signal: null
13 info lifecycle nasa-project@1.0.0~watch: Failed to exec watch script
14 verbose stack Error: nasa-project@1.0.0 watch: `npm run server & npm run client`
14 verbose stack Exit status 1
14 verbose stack     at EventEmitter.<anonymous> (/usr/share/npm/lib/utils/lifecycle.js:232:16)
14 verbose stack     at emitTwo (events.js:126:13)
14 verbose stack     at EventEmitter.emit (events.js:214:7)
14 verbose stack     at ChildProcess.<anonymous> (/usr/share/npm/lib/utils/spawn.js:24:14)
14 verbose stack     at emitTwo (events.js:126:13)
14 verbose stack     at ChildProcess.emit (events.js:214:7)
14 verbose stack     at maybeClose (internal/child_process.js:925:16)
14 verbose stack     at Process.ChildProcess._handle.onexit (internal/child_process.js:209:5)
15 verbose pkgid nasa-project@1.0.0
16 verbose cwd /mnt/d/Developement/udemy/nasa-project
17 error Linux 4.4.0-19041-Microsoft
18 error argv "/usr/bin/node" "/usr/bin/npm" "run" "watch"
19 error node v8.10.0
20 error npm  v3.5.2
21 error code ELIFECYCLE
22 error nasa-project@1.0.0 watch: `npm run server & npm run client`
22 error Exit status 1
23 error Failed at the nasa-project@1.0.0 watch script 'npm run server & npm run client'.
23 error Make sure you have the latest version of node.js and npm installed.
23 error If you do, this is most likely a problem with the nasa-project package,
23 error not with npm itself.
23 error Tell the author that this fails on your system:
23 error     npm run server & npm run client
23 error You can get information on how to open an issue for this project with:
23 error     npm bugs nasa-project
23 error Or if that isn't available, you can get their info via:
23 error     npm owner ls nasa-project
23 error There is likely additional logging output above.
24 verbose exit [ 1, true ]
